
=== Thu Jun  3 13:29:37 2021

Packages were changed.
Update Mode: updateDependencies

The following packages were updated:
  com.unity.collab-proxy from version 1.3.9 to 1.5.7
  com.unity.ide.rider from version 2.0.7 to 3.0.6
  com.unity.ide.visualstudio from version 2.0.7 to 2.0.8
  com.unity.render-pipelines.universal from version 10.3.2 to 11.0.0
  com.unity.textmeshpro from version 3.0.4 to 3.0.6
  com.unity.timeline from version 1.4.7 to 1.5.5
  com.unity.xr.management from version 4.0.1 to 4.0.5
  com.unity.xr.oculus from version 1.8.1 to 1.9.1
  com.unity.xr.openxr from version 1.0.3 to 1.2.0

=== Tue Jul 13 11:45:39 2021

Packages were changed.
Update Mode: updateDependencies

The following packages were added:
  com.unity.2d.sprite@1.0.0
  com.unity.2d.tilemap@1.0.0
  com.unity.ads@3.7.1
  com.unity.analytics@3.5.3
  com.unity.purchasing@3.1.0
  com.unity.xr.legacyinputhelpers@2.1.7
